\BOOKMARK [0][-]{chapter.1}{\376\377\0001\000\040\000I\000n\000t\000r\000o\000d\000u\000c\000t\000i\000o\000n}{}% 1
\BOOKMARK [0][-]{chapter.2}{\376\377\0002\000\040\000R\000e\000c\000o\000g\000n\000i\000z\000i\000n\000g\000\040\000D\000e\000v\000e\000l\000o\000p\000m\000e\000n\000t\000\040\000C\000h\000a\000l\000l\000e\000n\000g\000e\000s}{}% 2
\BOOKMARK [1][-]{section.2.1}{\376\377\0002\000.\0001\000\040\000K\000e\000y\000\040\000C\000h\000a\000l\000l\000e\000n\000g\000e\000s}{chapter.2}% 3
\BOOKMARK [1][-]{section.2.2}{\376\377\0002\000.\0002\000\040\000P\000r\000o\000b\000l\000e\000m\000\040\000A\000n\000a\000l\000y\000s\000i\000s}{chapter.2}% 4
\BOOKMARK [1][-]{section.2.3}{\376\377\0002\000.\0003\000\040\000R\000o\000o\000t\000\040\000C\000a\000u\000s\000e\000s\000\040\000a\000n\000d\000\040\000R\000e\000a\000d\000i\000n\000e\000s\000s\000\040\000f\000o\000r\000\040\000C\000h\000a\000n\000g\000e}{chapter.2}% 5
\BOOKMARK [0][-]{chapter.3}{\376\377\0003\000\040\000A\000d\000o\000p\000t\000i\000n\000g\000\040\000A\000g\000i\000l\000e\000\040\000M\000e\000t\000h\000o\000d\000o\000l\000o\000g\000i\000e\000s}{}% 6
\BOOKMARK [1][-]{section.3.1}{\376\377\0003\000.\0001\000\040\000E\000s\000t\000a\000b\000l\000i\000s\000h\000i\000n\000g\000\040\000P\000r\000o\000d\000u\000c\000t\000\040\000B\000a\000c\000k\000l\000o\000g\000\040\000R\000e\000f\000i\000n\000e\000m\000e\000n\000t}{chapter.3}% 7
\BOOKMARK [1][-]{section.3.2}{\376\377\0003\000.\0002\000\040\000I\000n\000t\000r\000o\000d\000u\000c\000i\000n\000g\000\040\000S\000c\000r\000u\000m\000\040\000R\000o\000l\000e\000s\000\040\000a\000n\000d\000\040\000S\000p\000r\000i\000n\000t\000\040\000S\000t\000r\000u\000c\000t\000u\000r\000e}{chapter.3}% 8
\BOOKMARK [1][-]{section.3.3}{\376\377\0003\000.\0003\000\040\000B\000u\000i\000l\000d\000i\000n\000g\000\040\000C\000o\000l\000l\000a\000b\000o\000r\000a\000t\000i\000o\000n\000\040\000a\000n\000d\000\040\000T\000r\000a\000n\000s\000p\000a\000r\000e\000n\000c\000y}{chapter.3}% 9
\BOOKMARK [1][-]{section.3.4}{\376\377\0003\000.\0004\000\040\000A\000d\000d\000r\000e\000s\000s\000i\000n\000g\000\040\000C\000h\000a\000n\000g\000e\000\040\000R\000e\000s\000i\000s\000t\000a\000n\000c\000e}{chapter.3}% 10
\BOOKMARK [0][-]{chapter.4}{\376\377\0004\000\040\000M\000e\000a\000s\000u\000r\000i\000n\000g\000\040\000T\000e\000a\000m\000\040\000P\000r\000o\000g\000r\000e\000s\000s\000\040\000a\000n\000d\000\040\000A\000d\000a\000p\000t\000a\000t\000i\000o\000n}{}% 11
\BOOKMARK [1][-]{section.4.1}{\376\377\0004\000.\0001\000\040\000S\000p\000r\000i\000n\000t\000\040\000R\000e\000v\000i\000e\000w\000s\000\040\000a\000n\000d\000\040\000S\000t\000a\000k\000e\000h\000o\000l\000d\000e\000r\000\040\000E\000n\000g\000a\000g\000e\000m\000e\000n\000t}{chapter.4}% 12
\BOOKMARK [1][-]{section.4.2}{\376\377\0004\000.\0002\000\040\000R\000e\000t\000r\000o\000s\000p\000e\000c\000t\000i\000v\000e\000s\000\040\000a\000n\000d\000\040\000P\000r\000o\000c\000e\000s\000s\000\040\000R\000e\000f\000i\000n\000e\000m\000e\000n\000t}{chapter.4}% 13
\BOOKMARK [1][-]{section.4.3}{\376\377\0004\000.\0003\000\040\000T\000r\000a\000c\000k\000i\000n\000g\000\040\000M\000e\000t\000r\000i\000c\000s\000\040\000a\000n\000d\000\040\000L\000e\000a\000d\000e\000r\000s\000h\000i\000p\000\040\000S\000u\000p\000p\000o\000r\000t}{chapter.4}% 14
\BOOKMARK [0][-]{chapter.5}{\376\377\0005\000\040\000U\000n\000d\000e\000r\000s\000t\000a\000n\000d\000i\000n\000g\000\040\000S\000t\000a\000k\000e\000h\000o\000l\000d\000e\000r\000\040\000V\000o\000i\000c\000e\000s}{}% 15
\BOOKMARK [1][-]{section.5.1}{\376\377\0005\000.\0001\000\040\000S\000t\000a\000k\000e\000h\000o\000l\000d\000e\000r\000\040\000I\000d\000e\000n\000t\000i\000f\000i\000c\000a\000t\000i\000o\000n\000\040\000a\000n\000d\000\040\000C\000o\000l\000l\000a\000b\000o\000r\000a\000t\000i\000o\000n}{chapter.5}% 16
\BOOKMARK [1][-]{section.5.2}{\376\377\0005\000.\0002\000\040\000M\000a\000n\000a\000g\000i\000n\000g\000\040\000C\000o\000m\000p\000e\000t\000i\000n\000g\000\040\000I\000n\000t\000e\000r\000e\000s\000t\000s\000\040\000a\000n\000d\000\040\000C\000o\000m\000m\000u\000n\000i\000c\000a\000t\000i\000o\000n}{chapter.5}% 17
\BOOKMARK [0][-]{chapter.6}{\376\377\0006\000\040\000M\000a\000i\000n\000t\000a\000i\000n\000i\000n\000g\000\040\000S\000o\000f\000t\000w\000a\000r\000e\000\040\000Q\000u\000a\000l\000i\000t\000y}{}% 18
\BOOKMARK [1][-]{section.6.1}{\376\377\0006\000.\0001\000\040\000A\000u\000t\000o\000m\000a\000t\000e\000d\000\040\000T\000e\000s\000t\000i\000n\000g\000\040\000a\000n\000d\000\040\000C\000o\000d\000e\000\040\000R\000e\000v\000i\000e\000w\000s}{chapter.6}% 19
\BOOKMARK [1][-]{section.6.2}{\376\377\0006\000.\0002\000\040\000L\000e\000g\000a\000c\000y\000\040\000S\000y\000s\000t\000e\000m\000s\000\040\000a\000n\000d\000\040\000F\000e\000e\000d\000b\000a\000c\000k\000\040\000I\000n\000t\000e\000g\000r\000a\000t\000i\000o\000n}{chapter.6}% 20
\BOOKMARK [0][-]{chapter.7}{\376\377\0007\000\040\000D\000e\000p\000l\000o\000y\000m\000e\000n\000t\000\040\000P\000r\000a\000c\000t\000i\000c\000e\000s\000\040\000a\000n\000d\000\040\000S\000y\000s\000t\000e\000m\000\040\000O\000b\000s\000e\000r\000v\000a\000b\000i\000l\000i\000t\000y}{}% 21
\BOOKMARK [1][-]{section.7.1}{\376\377\0007\000.\0001\000\040\000C\000u\000r\000r\000e\000n\000t\000\040\000P\000i\000p\000e\000l\000i\000n\000e\000\040\000a\000n\000d\000\040\000M\000o\000n\000i\000t\000o\000r\000i\000n\000g\000\040\000A\000s\000s\000e\000s\000s\000m\000e\000n\000t}{chapter.7}% 22
\BOOKMARK [1][-]{section.7.2}{\376\377\0007\000.\0002\000\040\000T\000e\000s\000t\000\040\000S\000t\000a\000b\000i\000l\000i\000t\000y\000\040\000I\000m\000p\000r\000o\000v\000e\000m\000e\000n\000t\000s}{chapter.7}% 23
\BOOKMARK [1][-]{section.7.3}{\376\377\0007\000.\0003\000\040\000B\000u\000i\000l\000d\000i\000n\000g\000\040\000D\000e\000p\000l\000o\000y\000m\000e\000n\000t\000\040\000C\000a\000p\000a\000b\000i\000l\000i\000t\000i\000e\000s}{chapter.7}% 24
\BOOKMARK [0][-]{chapter.8}{\376\377\0008\000\040\000C\000o\000n\000c\000l\000u\000s\000i\000o\000n}{}% 25
\BOOKMARK [1][-]{section.8.1}{\376\377\0008\000.\0001\000\040\000E\000m\000e\000r\000g\000i\000n\000g\000\040\000C\000h\000a\000l\000l\000e\000n\000g\000e\000s}{chapter.8}% 26
\BOOKMARK [1][-]{section.8.2}{\376\377\0008\000.\0002\000\040\000F\000u\000t\000u\000r\000e\000\040\000D\000e\000v\000e\000l\000o\000p\000m\000e\000n\000t}{chapter.8}% 27
\BOOKMARK [0][-]{chapter*.11}{\376\377\000B\000i\000b\000l\000i\000o\000g\000r\000a\000p\000h\000y}{}% 28
\BOOKMARK [0][-]{appendix.A}{\376\377\000A\000\040\000I\000n\000t\000e\000r\000v\000i\000e\000w\000\040\000Q\000u\000e\000s\000t\000i\000o\000n\000s}{}% 29
\BOOKMARK [1][-]{section.A.1}{\376\377\000A\000.\0001\000\040\000W\000e\000l\000c\000o\000m\000e\000\040\000a\000n\000d\000\040\000I\000n\000t\000r\000o\000d\000u\000c\000t\000i\000o\000n}{appendix.A}% 30
\BOOKMARK [1][-]{section.A.2}{\376\377\000A\000.\0002\000\040\000P\000r\000o\000j\000e\000c\000t\000\040\000E\000x\000p\000e\000r\000i\000e\000n\000c\000e\000s}{appendix.A}% 31
\BOOKMARK [1][-]{section.A.3}{\376\377\000A\000.\0003\000\040\000W\000o\000r\000k\000\040\000M\000e\000t\000h\000o\000d\000s\000\040\000a\000n\000d\000\040\000D\000a\000i\000l\000y\000\040\000P\000r\000a\000c\000t\000i\000c\000e}{appendix.A}% 32
\BOOKMARK [1][-]{section.A.4}{\376\377\000A\000.\0004\000\040\000T\000h\000e\000\040\000T\000e\000a\000m\000\040\000a\000n\000d\000\040\000C\000o\000l\000l\000a\000b\000o\000r\000a\000t\000i\000o\000n}{appendix.A}% 33
\BOOKMARK [1][-]{section.A.5}{\376\377\000A\000.\0005\000\040\000M\000e\000a\000s\000u\000r\000e\000m\000e\000n\000t\000\040\000a\000n\000d\000\040\000C\000o\000n\000t\000i\000n\000u\000o\000u\000s\000\040\000I\000m\000p\000r\000o\000v\000e\000m\000e\000n\000t}{appendix.A}% 34
\BOOKMARK [1][-]{section.A.6}{\376\377\000A\000.\0006\000\040\000Q\000u\000a\000l\000i\000t\000y\000\040\000a\000n\000d\000\040\000T\000e\000s\000t\000i\000n\000g}{appendix.A}% 35
\BOOKMARK [1][-]{section.A.7}{\376\377\000A\000.\0007\000\040\000A\000I\000\040\000i\000n\000\040\000D\000e\000v\000e\000l\000o\000p\000m\000e\000n\000t}{appendix.A}% 36
\BOOKMARK [1][-]{section.A.8}{\376\377\000A\000.\0008\000\040\000C\000I\000/\000C\000D\000\040\000a\000n\000d\000\040\000T\000e\000c\000h\000n\000i\000c\000a\000l\000\040\000S\000e\000t\000u\000p}{appendix.A}% 37
\BOOKMARK [1][-]{section.A.9}{\376\377\000A\000.\0009\000\040\000S\000t\000a\000k\000e\000h\000o\000l\000d\000e\000r\000s}{appendix.A}% 38
\BOOKMARK [1][-]{section.A.10}{\376\377\000A\000.\0001\0000\000\040\000C\000l\000o\000s\000i\000n\000g}{appendix.A}% 39
\BOOKMARK [0][-]{appendix.B}{\376\377\000B\000\040\000I\000n\000t\000e\000r\000v\000i\000e\000w\000\040\000T\000r\000a\000n\000s\000c\000r\000i\000p\000t}{}% 40
\BOOKMARK [0][-]{appendix.C}{\376\377\000C\000\040\000T\000h\000e\000m\000a\000t\000i\000c\000\040\000A\000n\000a\000l\000y\000s\000i\000s\000\040\000o\000f\000\040\000I\000n\000t\000e\000r\000v\000i\000e\000w\000\040\000D\000a\000t\000a}{}% 41
\BOOKMARK [1][-]{section.C.1}{\376\377\000C\000.\0001\000\040\000F\000a\000m\000i\000l\000i\000a\000r\000i\000z\000a\000t\000i\000o\000n\000\040\000a\000n\000d\000\040\000I\000n\000i\000t\000i\000a\000l\000\040\000O\000b\000s\000e\000r\000v\000a\000t\000i\000o\000n\000s}{appendix.C}% 42
\BOOKMARK [1][-]{section.C.2}{\376\377\000C\000.\0002\000\040\000C\000o\000d\000i\000n\000g\000\040\000P\000r\000o\000c\000e\000s\000s}{appendix.C}% 43
\BOOKMARK [1][-]{section.C.3}{\376\377\000C\000.\0003\000\040\000T\000h\000e\000m\000e\000\040\000C\000o\000n\000s\000t\000r\000u\000c\000t\000i\000o\000n}{appendix.C}% 44
\BOOKMARK [1][-]{section.C.4}{\376\377\000C\000.\0004\000\040\000T\000h\000e\000m\000e\000\040\000R\000e\000l\000a\000t\000i\000o\000n\000s\000h\000i\000p\000s}{appendix.C}% 45
\BOOKMARK [1][-]{section.C.5}{\376\377\000C\000.\0005\000\040\000S\000u\000m\000m\000a\000r\000y}{appendix.C}% 46
